# JRE version: Java(TM) SE Runtime Environment (18.0.2.1+1) (build 18.0.2.1+1-1)
# Java VM: Java HotSpot(TM) 64-Bit Server VM (18.0.2.1+1-1, mixed mode, sharing, tiered, compressed oops, compressed class ptrs, g1 gc, windows-amd64)
GC Precious Log:
 CardTable entry size: 512
 Card Set container configuration: InlinePtr #cards 4 size 8 Array Of Cards #cards 16 size 48 Howl #buckets 8 coarsen threshold 3686 Howl Bitmap #cards 512 size 80 coarsen threshold 460 Card regions per heap region 1 cards per card region 4096
 CPUs: 8 total, 8 available
 Memory: 16102M
 Large Page Support: Disabled
 NUMA Support: Disabled
 Compressed Oops: Enabled (Zero based)
 Heap Region Size: 2M
 Heap Min Capacity: 8M
 Heap Initial Capacity: 252M
 Heap Max Capacity: 4026M
 Pre-touch: Disabled
 Parallel Workers: 8
 Concurrent Workers: 2
 Concurrent Refinement Workers: 8
 Periodic GC: Disabled
Heap:
 garbage-first heap   total 120832K, used 96844K [0x0000000704600000, 0x0000000800000000)
  region size 2048K, 15 young (30720K), 1 survivors (2048K)
 Metaspace       used 86253K, committed 87168K, reserved 1179648K
  class space    used 10657K, committed 11072K, reserved 1048576K
GC Heap History (20 events):
Event: 1735.707 GC heap after
{Heap after GC invocations=195 (full 8):
 garbage-first heap   total 120832K, used 68488K [0x0000000704600000, 0x0000000800000000)
  region size 2048K, 1 young (2048K), 1 survivors (2048K)
 Metaspace       used 86237K, committed 87168K, reserved 1179648K
  class space    used 10657K, committed 11072K, reserved 1048576K
}
Event: 1744.795 GC heap before
{Heap before GC invocations=195 (full 8):
 garbage-first heap   total 120832K, used 97160K [0x0000000704600000, 0x0000000800000000)
  region size 2048K, 15 young (30720K), 1 survivors (2048K)
 Metaspace       used 86237K, committed 87168K, reserved 1179648K
  class space    used 10657K, committed 11072K, reserved 1048576K
}
Event: 1744.797 GC heap after
{Heap after GC invocations=196 (full 8):
 garbage-first heap   total 120832K, used 68258K [0x0000000704600000, 0x0000000800000000)
  region size 2048K, 1 young (2048K), 1 survivors (2048K)
 Metaspace       used 86237K, committed 87168K, reserved 1179648K
  class space    used 10657K, committed 11072K, reserved 1048576K
}
Event: 1753.789 GC heap before
{Heap before GC invocations=196 (full 8):
 garbage-first heap   total 120832K, used 96930K [0x0000000704600000, 0x0000000800000000)
  region size 2048K, 15 young (30720K), 1 survivors (2048K)
 Metaspace       used 86239K, committed 87168K, reserved 1179648K
  class space    used 10657K, committed 11072K, reserved 1048576K
}
Event: 1753.792 GC heap after
{Heap after GC invocations=197 (full 8):
 garbage-first heap   total 120832K, used 68086K [0x0000000704600000, 0x0000000800000000)
  region size 2048K, 1 young (2048K), 1 survivors (2048K)
 Metaspace       used 86239K, committed 87168K, reserved 1179648K
  class space    used 10657K, committed 11072K, reserved 1048576K
}
Event: 1762.840 GC heap before
{Heap before GC invocations=197 (full 8):
 garbage-first heap   total 120832K, used 96758K [0x0000000704600000, 0x0000000800000000)
  region size 2048K, 15 young (30720K), 1 survivors (2048K)
 Metaspace       used 86239K, committed 87168K, reserved 1179648K
  class space    used 10657K, committed 11072K, reserved 1048576K
}
Event: 1762.843 GC heap after
{Heap after GC invocations=198 (full 8):
 garbage-first heap   total 120832K, used 67840K [0x0000000704600000, 0x0000000800000000)
  region size 2048K, 1 young (2048K), 1 survivors (2048K)
 Metaspace       used 86239K, committed 87168K, reserved 1179648K
  class space    used 10657K, committed 11072K, reserved 1048576K
}
Event: 1772.052 GC heap before
{Heap before GC invocations=198 (full 8):
 garbage-first heap   total 120832K, used 96512K [0x0000000704600000, 0x0000000800000000)
  region size 2048K, 15 young (30720K), 1 survivors (2048K)
 Metaspace       used 86239K, committed 87168K, reserved 1179648K
  class space    used 10657K, committed 11072K, reserved 1048576K
}
Event: 1772.054 GC heap after
{Heap after GC invocations=199 (full 8):
 garbage-first heap   total 120832K, used 67700K [0x0000000704600000, 0x0000000800000000)
  region size 2048K, 1 young (2048K), 1 survivors (2048K)
 Metaspace       used 86239K, committed 87168K, reserved 1179648K
  class space    used 10657K, committed 11072K, reserved 1048576K
}
Event: 1781.108 GC heap before
{Heap before GC invocations=199 (full 8):
 garbage-first heap   total 120832K, used 96372K [0x0000000704600000, 0x0000000800000000)
  region size 2048K, 15 young (30720K), 1 survivors (2048K)
 Metaspace       used 86240K, committed 87168K, reserved 1179648K
  class space    used 10657K, committed 11072K, reserved 1048576K
}
Event: 1781.109 GC heap after
{Heap after GC invocations=200 (full 8):
 garbage-first heap   total 120832K, used 67544K [0x0000000704600000, 0x0000000800000000)
  region size 2048K, 1 young (2048K), 1 survivors (2048K)
 Metaspace       used 86240K, committed 87168K, reserved 1179648K
  class space    used 10657K, committed 11072K, reserved 1048576K
}
Event: 1790.356 GC heap before
{Heap before GC invocations=200 (full 8):
 garbage-first heap   total 120832K, used 96216K [0x0000000704600000, 0x0000000800000000)
  region size 2048K, 15 young (30720K), 1 survivors (2048K)
 Metaspace       used 86240K, committed 87168K, reserved 1179648K
  class space    used 10657K, committed 11072K, reserved 1048576K
}
Event: 1790.358 GC heap after
{Heap after GC invocations=201 (full 8):
 garbage-first heap   total 120832K, used 67321K [0x0000000704600000, 0x0000000800000000)
  region size 2048K, 1 young (2048K), 1 survivors (2048K)
 Metaspace       used 86240K, committed 87168K, reserved 1179648K
  class space    used 10657K, committed 11072K, reserved 1048576K
}
Event: 1800.008 GC heap before
{Heap before GC invocations=201 (full 8):
 garbage-first heap   total 120832K, used 98041K [0x0000000704600000, 0x0000000800000000)
  region size 2048K, 16 young (32768K), 1 survivors (2048K)
 Metaspace       used 86240K, committed 87168K, reserved 1179648K
  class space    used 10657K, committed 11072K, reserved 1048576K
}
Event: 1800.011 GC heap after
{Heap after GC invocations=202 (full 8):
 garbage-first heap   total 120832K, used 67826K [0x0000000704600000, 0x0000000800000000)
  region size 2048K, 1 young (2048K), 1 survivors (2048K)
 Metaspace       used 86240K, committed 87168K, reserved 1179648K
  class space    used 10657K, committed 11072K, reserved 1048576K
}
Event: 1809.428 GC heap before
{Heap before GC invocations=202 (full 8):
 garbage-first heap   total 120832K, used 98546K [0x0000000704600000, 0x0000000800000000)
  region size 2048K, 16 young (32768K), 1 survivors (2048K)
 Metaspace       used 86240K, committed 87168K, reserved 1179648K
  class space    used 10657K, committed 11072K, reserved 1048576K
}
Event: 1809.430 GC heap after
{Heap after GC invocations=203 (full 8):
 garbage-first heap   total 120832K, used 68370K [0x0000000704600000, 0x0000000800000000)
  region size 2048K, 1 young (2048K), 1 survivors (2048K)
 Metaspace       used 86240K, committed 87168K, reserved 1179648K
  class space    used 10657K, committed 11072K, reserved 1048576K
}
Event: 1818.535 GC heap before
{Heap before GC invocations=203 (full 8):
 garbage-first heap   total 120832K, used 97042K [0x0000000704600000, 0x0000000800000000)
  region size 2048K, 15 young (30720K), 1 survivors (2048K)
 Metaspace       used 86240K, committed 87168K, reserved 1179648K
  class space    used 10657K, committed 11072K, reserved 1048576K
}
Event: 1818.538 GC heap after
{Heap after GC invocations=204 (full 8):
 garbage-first heap   total 120832K, used 68172K [0x0000000704600000, 0x0000000800000000)
  region size 2048K, 1 young (2048K), 1 survivors (2048K)
 Metaspace       used 86240K, committed 87168K, reserved 1179648K
  class space    used 10657K, committed 11072K, reserved 1048576K
}
Event: 1835.592 GC heap before
{Heap before GC invocations=204 (full 8):
 garbage-first heap   total 120832K, used 96844K [0x0000000704600000, 0x0000000800000000)
  region size 2048K, 15 young (30720K), 1 survivors (2048K)
 Metaspace       used 86253K, committed 87168K, reserved 1179648K
  class space    used 10657K, committed 11072K, reserved 1048576K
}

